#
# A fatal error has been detected by the Java Runtime Environment:
#
#  Internal Error (javaClasses.cpp:129), pid=5309, tid=3060763456
#  fatal error: Invalid layout of preloaded class
#
# JRE version: 7.0_25-b30
# Java VM: OpenJDK Server VM (23.7-b01 mixed mode linux-x86 )
# Failed to write core dump. Core dumps have been disabled. To enable core dumping, try "ulimit -c unlimited" before starting Java again
#
# If you would like to submit a bug report, please include
# instructions on how to reproduce the bug and visit:
#   https://bugs.launchpad.net/ubuntu/+source/openjdk-7/
#

---------------  T H R E A D  ---------------

Current thread (0xb6506800):  JavaThread "Unknown thread" [_thread_in_vm, id=5315, stack(0xb66a8000,0xb66f9000)]

Stack: [0xb66a8000,0xb66f9000]
[error occurred during error reporting (printing stack bounds), id 0xb]


[error occurred during error reporting (printing native stack), id 0xb]


---------------  P R O C E S S  ---------------

Java Threads: ( => current thread )

Other Threads:

=>0xb6506800 (exited) JavaThread "Unknown thread" [_thread_in_vm, id=5315, stack(0xb66a8000,0xb66f9000)]

VM state:not at safepoint (not fully initialized)

VM Mutex/Monitor currently owned by a thread: None

GC Heap History (0 events):
No events

Deoptimization events (0 events):
No events

Internal exceptions (0 events):
No events

Events (10 events):
Event: 0.509 loading class 0xb65347c0 done
Event: 0.510 loading class 0xb6534100 done
Event: 0.510 loading class 0xb65340d8
Event: 0.510 loading class 0xb6554130
Event: 0.510 loading class 0xb6554130 done
Event: 0.510 loading class 0xb6554168
Event: 0.510 loading class 0xb6554168 done
Event: 0.510 loading class 0xb65541a0
Event: 0.510 loading class 0xb65541a0 done
Event: 0.510 loading class 0xb65340d8 done


Dynamic libraries:
08048000-08049000 r-xp 00000000 08:01 10092729   /usr/lib/jvm/java-7-openjdk-i386/jre/bin/java
08049000-0804a000 r--p 00000000 08:01 10092729   /usr/lib/jvm/java-7-openjdk-i386/jre/bin/java
0804a000-0804b000 rw-p 00001000 08:01 10092729   /usr/lib/jvm/java-7-openjdk-i386/jre/bin/java
0935c000-0937d000 rw-p 00000000 00:00 0          [heap]
6dce6000-6ddb0000 r--s 011ad000 08:01 17433276   /opt/ide/eclipse/android-sdk-linux/platforms/android-18/android.jar
6ddb0000-70900000 rw-p 00000000 00:00 0 
70900000-70921000 rw-p 00000000 00:00 0 
70921000-70a00000 ---p 00000000 00:00 0 
70a7f000-70a80000 ---p 00000000 00:00 0 
70a80000-70b00000 rw-p 00000000 00:00 0          [stack:5321]
70b00000-70b21000 rw-p 00000000 00:00 0 
70b21000-70c00000 ---p 00000000 00:00 0 
70c7f000-70c80000 ---p 00000000 00:00 0 
70c80000-70d00000 rw-p 00000000 00:00 0          [stack:5320]
70d00000-70d21000 rw-p 00000000 00:00 0 
70d21000-70e00000 ---p 00000000 00:00 0 
70e7f000-70e80000 ---p 00000000 00:00 0 
70e80000-70f00000 rw-p 00000000 00:00 0          [stack:5319]
70f00000-70f21000 rw-p 00000000 00:00 0 
70f21000-71000000 ---p 00000000 00:00 0 
71038000-71039000 ---p 00000000 00:00 0 
71039000-710c1000 rw-p 00000000 00:00 0          [stack:5318]
710c1000-710f9000 rw-p 00000000 00:00 0 
710f9000-7110d000 rw-p 00000000 00:00 0 
7110d000-7122f000 rw-p 00000000 00:00 0 
7122f000-71237000 rw-p 00000000 00:00 0 
71237000-7126f000 rw-p 00000000 00:00 0 
7126f000-71283000 rw-p 00000000 00:00 0 
71283000-713a4000 rw-p 00000000 00:00 0 
713a4000-713ae000 rw-p 00000000 00:00 0 
713ae000-7143f000 rw-p 00000000 00:00 0 
7143f000-72440000 rw-p 00000000 00:00 0 
72440000-79440000 rw-p 00000000 00:00 0 
79440000-7bae0000 rw-p 00000000 00:00 0 
7bae0000-9fef0000 rw-p 00000000 00:00 0 
9fef0000-a1240000 rw-p 00000000 00:00 0 
a1240000-b3440000 rw-p 00000000 00:00 0 
b3440000-b3449000 rw-p 00000000 00:00 0 
b3449000-b3500000 rw-p 00000000 00:00 0 
b3500000-b3740000 rwxp 00000000 00:00 0 
b3740000-b655e000 rw-p 00000000 00:00 0 
b655e000-b6600000 ---p 00000000 00:00 0 
b6600000-b6625000 rw-p 00000000 00:00 0 
b6625000-b6630000 r-xp 00000000 08:01 3933070    /lib/i386-linux-gnu/libnss_files-2.17.so
b6630000-b6631000 r--p 0000a000 08:01 3933070    /lib/i386-linux-gnu/libnss_files-2.17.so
b6631000-b6632000 rw-p 0000b000 08:01 3933070    /lib/i386-linux-gnu/libnss_files-2.17.so
b6632000-b663c000 r-xp 00000000 08:01 3933074    /lib/i386-linux-gnu/libnss_nis-2.17.so
b663c000-b663d000 r--p 00009000 08:01 3933074    /lib/i386-linux-gnu/libnss_nis-2.17.so
b663d000-b663e000 rw-p 0000a000 08:01 3933074    /lib/i386-linux-gnu/libnss_nis-2.17.so
b663e000-b6653000 r-xp 00000000 08:01 3933064    /lib/i386-linux-gnu/libnsl-2.17.so
b6653000-b6654000 r--p 00014000 08:01 3933064    /lib/i386-linux-gnu/libnsl-2.17.so
b6654000-b6655000 rw-p 00015000 08:01 3933064    /lib/i386-linux-gnu/libnsl-2.17.so
b6655000-b6657000 rw-p 00000000 00:00 0 
b6657000-b665e000 r-xp 00000000 08:01 3933066    /lib/i386-linux-gnu/libnss_compat-2.17.so
b665e000-b665f000 r--p 00006000 08:01 3933066    /lib/i386-linux-gnu/libnss_compat-2.17.so
b665f000-b6660000 rw-p 00007000 08:01 3933066    /lib/i386-linux-gnu/libnss_compat-2.17.so
b6664000-b666c000 r-xp 00000000 08:01 10092807   /usr/lib/jvm/java-7-openjdk-i386/jre/lib/i386/libzip.so
b666c000-b666d000 r--p 00007000 08:01 10092807   /usr/lib/jvm/java-7-openjdk-i386/jre/lib/i386/libzip.so
b666d000-b666e000 rw-p 00008000 08:01 10092807   /usr/lib/jvm/java-7-openjdk-i386/jre/lib/i386/libzip.so
b666e000-b6676000 rw-s 00000000 08:01 6826745    /tmp/hsperfdata_barry/5309
b6676000-b669d000 r-xp 00000000 08:01 10092906   /usr/lib/jvm/java-7-openjdk-i386/jre/lib/i386/libjava.so
b669d000-b669e000 r--p 00026000 08:01 10092906   /usr/lib/jvm/java-7-openjdk-i386/jre/lib/i386/libjava.so
b669e000-b669f000 rw-p 00027000 08:01 10092906   /usr/lib/jvm/java-7-openjdk-i386/jre/lib/i386/libjava.so
b669f000-b66a6000 r-xp 00000000 08:01 3933117    /lib/i386-linux-gnu/librt-2.17.so
b66a6000-b66a7000 r--p 00006000 08:01 3933117    /lib/i386-linux-gnu/librt-2.17.so
b66a7000-b66a8000 rw-p 00007000 08:01 3933117    /lib/i386-linux-gnu/librt-2.17.so
b66a8000-b66ab000 ---p 00000000 00:00 0 
b66ab000-b66f9000 rw-p 00000000 00:00 0          [stack:5315]
b66f9000-b6714000 r-xp 00000000 08:01 3933022    /lib/i386-linux-gnu/libgcc_s.so.1
b6714000-b6715000 r--p 0001a000 08:01 3933022    /lib/i386-linux-gnu/libgcc_s.so.1
b6715000-b6716000 rw-p 0001b000 08:01 3933022    /lib/i386-linux-gnu/libgcc_s.so.1
b6716000-b6757000 r-xp 00000000 08:01 3933045    /lib/i386-linux-gnu/libm-2.17.so
b6757000-b6758000 r--p 00040000 08:01 3933045    /lib/i386-linux-gnu/libm-2.17.so
b6758000-b6759000 rw-p 00041000 08:01 3933045    /lib/i386-linux-gnu/libm-2.17.so
b6759000-b6835000 r-xp 00000000 08:01 7870222    /usr/lib/i386-linux-gnu/libstdc++.so.6.0.17
b6835000-b6836000 ---p 000dc000 08:01 7870222    /usr/lib/i386-linux-gnu/libstdc++.so.6.0.17
b6836000-b683a000 r--p 000dc000 08:01 7870222    /usr/lib/i386-linux-gnu/libstdc++.so.6.0.17
b683a000-b683b000 rw-p 000e0000 08:01 7870222    /usr/lib/i386-linux-gnu/libstdc++.so.6.0.17
b683b000-b6842000 rw-p 00000000 00:00 0 
b6842000-b7133000 r-xp 00000000 08:01 10092810   /usr/lib/jvm/java-7-openjdk-i386/jre/lib/i386/server/libjvm.so
b7133000-b717a000 r--p 008f1000 08:01 10092810   /usr/lib/jvm/java-7-openjdk-i386/jre/lib/i386/server/libjvm.so
b717a000-b718e000 rw-p 00938000 08:01 10092810   /usr/lib/jvm/java-7-openjdk-i386/jre/lib/i386/server/libjvm.so
b718e000-b75ac000 rw-p 00000000 00:00 0 
b75ac000-b75c3000 r-xp 00000000 08:01 3933150    /lib/i386-linux-gnu/libz.so.1.2.7
b75c3000-b75c4000 r--p 00016000 08:01 3933150    /lib/i386-linux-gnu/libz.so.1.2.7
b75c4000-b75c5000 rw-p 00017000 08:01 3933150    /lib/i386-linux-gnu/libz.so.1.2.7
b75c5000-b75dc000 r-xp 00000000 08:01 3933109    /lib/i386-linux-gnu/libpthread-2.17.so
b75dc000-b75dd000 r--p 00016000 08:01 3933109    /lib/i386-linux-gnu/libpthread-2.17.so
b75dd000-b75de000 rw-p 00017000 08:01 3933109    /lib/i386-linux-gnu/libpthread-2.17.so
b75de000-b75e0000 rw-p 00000000 00:00 0 
b75e0000-b75e3000 r-xp 00000000 08:01 3933012    /lib/i386-linux-gnu/libdl-2.17.so
b75e3000-b75e4000 r--p 00002000 08:01 3933012    /lib/i386-linux-gnu/libdl-2.17.so
b75e4000-b75e5000 rw-p 00003000 08:01 3933012    /lib/i386-linux-gnu/libdl-2.17.so
b75e5000-b7792000 r-xp 00000000 08:01 3932997    /lib/i386-linux-gnu/libc-2.17.so
b7792000-b7794000 r--p 001ad000 08:01 3932997    /lib/i386-linux-gnu/libc-2.17.so
b7794000-b7795000 rw-p 001af000 08:01 3932997    /lib/i386-linux-gnu/libc-2.17.so
b7795000-b7798000 rw-p 00000000 00:00 0 
b779d000-b779e000 rw-p 00000000 00:00 0 
b779e000-b779f000 r--p 00000000 00:00 0 
b779f000-b77ac000 r-xp 00000000 08:01 10092855   /usr/lib/jvm/java-7-openjdk-i386/jre/lib/i386/libverify.so
b77ac000-b77ad000 r--p 0000d000 08:01 10092855   /usr/lib/jvm/java-7-openjdk-i386/jre/lib/i386/libverify.so
b77ad000-b77ae000 rw-p 0000e000 08:01 10092855   /usr/lib/jvm/java-7-openjdk-i386/jre/lib/i386/libverify.so
b77ae000-b77bb000 r-xp 00000000 08:01 10092880   /usr/lib/jvm/java-7-openjdk-i386/jre/lib/i386/jli/libjli.so
b77bb000-b77bc000 r--p 0000c000 08:01 10092880   /usr/lib/jvm/java-7-openjdk-i386/jre/lib/i386/jli/libjli.so
b77bc000-b77bd000 rw-p 0000d000 08:01 10092880   /usr/lib/jvm/java-7-openjdk-i386/jre/lib/i386/jli/libjli.so
b77bd000-b77c0000 rw-p 00000000 00:00 0 
b77c0000-b77c1000 r-xp 00000000 00:00 0          [vdso]
b77c1000-b77e1000 r-xp 00000000 08:01 3932973    /lib/i386-linux-gnu/ld-2.17.so
b77e1000-b77e2000 r--p 0001f000 08:01 3932973    /lib/i386-linux-gnu/ld-2.17.so
b77e2000-b77e3000 rw-p 00020000 08:01 3932973    /lib/i386-linux-gnu/ld-2.17.so
bfb05000-bfb26000 rw-p 00000000 00:00 0          [stack]

VM Arguments:
jvm_args: -Dfile.encoding=UTF-8 -Xbootclasspath:/opt/ide/eclipse/android-sdk-linux/platforms/android-18/android.jar 
java_command: com.j256.ormlite.android.apptools.OrmLiteConfigUtil
Launcher Type: SUN_STANDARD

Environment Variables:
PATH=/usr/lib/lightdm/lightdm:/usr/local/sbin:/usr/local/bin:/usr/sbin:/usr/bin:/sbin:/bin:/usr/games:/usr/local/games
LD_LIBRARY_PATH=/usr/lib/jvm/java-7-openjdk-i386/jre/lib/i386/server:/usr/lib/jvm/java-7-openjdk-i386/jre/lib/i386:/usr/lib/jvm/java-7-openjdk-i386/jre/../lib/i386:/usr/lib/jvm/java-7-openjdk-i386/jre/lib/i386/client:/usr/lib/jvm/java-7-openjdk-i386/jre/lib/i386:
SHELL=/bin/bash
DISPLAY=:0

Signal Handlers:
SIGSEGV: [libjvm.so+0x758d30], sa_mask[0]=0x7ffbfeff, sa_flags=0x10000004
SIGBUS: [libjvm.so+0x758d30], sa_mask[0]=0x7ffbfeff, sa_flags=0x10000004
SIGFPE: [libjvm.so+0x5f4230], sa_mask[0]=0x7ffbfeff, sa_flags=0x10000004
SIGPIPE: [libjvm.so+0x5f4230], sa_mask[0]=0x7ffbfeff, sa_flags=0x10000004
SIGXFSZ: [libjvm.so+0x5f4230], sa_mask[0]=0x7ffbfeff, sa_flags=0x10000004
SIGILL: [libjvm.so+0x5f4230], sa_mask[0]=0x7ffbfeff, sa_flags=0x10000004
SIGUSR1: SIG_DFL, sa_mask[0]=0x00000000, sa_flags=0x00000000
SIGUSR2: [libjvm.so+0x5f40e0], sa_mask[0]=0x00000004, sa_flags=0x10000004
SIGHUP: SIG_DFL, sa_mask[0]=0x00000000, sa_flags=0x00000000
SIGINT: SIG_DFL, sa_mask[0]=0x00000000, sa_flags=0x00000000
SIGTERM: SIG_DFL, sa_mask[0]=0x00000000, sa_flags=0x00000000
SIGQUIT: SIG_DFL, sa_mask[0]=0x00000000, sa_flags=0x00000000


---------------  S Y S T E M  ---------------

OS:Ubuntu 13.04 (raring)
uname:Linux 3.8.0-31-generic #46-Ubuntu SMP Tue Sep 10 19:56:49 UTC 2013 i686
libc:glibc 2.17 NPTL 2.17 
rlimit: STACK 8192k, CORE 0k, NPROC 29524, NOFILE 4096, AS infinity
load average:0.27 0.27 0.36

/proc/meminfo:
MemTotal:        3795616 kB
MemFree:          256608 kB
Buffers:          118500 kB
Cached:           876484 kB
SwapCached:       117716 kB
Active:          2455672 kB
Inactive:         912736 kB
Active(anon):    2240556 kB
Inactive(anon):   700752 kB
Active(file):     215116 kB
Inactive(file):   211984 kB
Unevictable:          48 kB
Mlocked:              48 kB
HighTotal:       2944104 kB
HighFree:          65168 kB
LowTotal:         851512 kB
LowFree:          191440 kB
SwapTotal:       3856380 kB
SwapFree:        3371104 kB
Dirty:               324 kB
Writeback:             0 kB
AnonPages:       2289108 kB
Mapped:           209220 kB
Shmem:            567604 kB
Slab:             121028 kB
SReclaimable:      94336 kB
SUnreclaim:        26692 kB
KernelStack:        5632 kB
PageTables:        19824 kB
NFS_Unstable:          0 kB
Bounce:               24 kB
WritebackTmp:          0 kB
CommitLimit:     5754188 kB
Committed_AS:    7757004 kB
VmallocTotal:     122880 kB
VmallocUsed:       16632 kB
VmallocChunk:     102476 kB
HardwareCorrupted:     0 kB
AnonHugePages:         0 kB
HugePages_Total:       0
HugePages_Free:        0
HugePages_Rsvd:        0
HugePages_Surp:        0
Hugepagesize:       2048 kB
DirectMap4k:       10232 kB
DirectMap2M:      903168 kB


CPU:total 4 (2 cores per cpu, 2 threads per core) family 6 model 37 stepping 5, cmov, cx8, fxsr, mmx, sse, sse2, sse3, ssse3, sse4.1, sse4.2, popcnt, ht, tsc, tscinvbit

/proc/cpuinfo:
processor	: 0
vendor_id	: GenuineIntel
cpu family	: 6
model		: 37
model name	: Intel(R) Core(TM) i3 CPU       M 380  @ 2.53GHz
stepping	: 5
microcode	: 0x2
cpu MHz		: 933.000
cache size	: 3072 KB
physical id	: 0
siblings	: 4
core id		: 0
cpu cores	: 2
apicid		: 0
initial apicid	: 0
fdiv_bug	: no
hlt_bug		: no
f00f_bug	: no
coma_bug	: no
fpu		: yes
fpu_exception	: yes
cpuid level	: 11
wp		: yes
flags		: fpu vme de pse tsc msr pae mce cx8 apic sep mtrr pge mca cmov pat pse36 clflush dts acpi mmx fxsr sse sse2 ss ht tm pbe nx rdtscp lm constant_tsc arch_perfmon pebs bts xtopology nonstop_tsc aperfmperf pni dtes64 monitor ds_cpl vmx est tm2 ssse3 cx16 xtpr pdcm pcid sse4_1 sse4_2 popcnt lahf_lm arat dtherm tpr_shadow vnmi flexpriority ept vpid
bogomips	: 5054.62
clflush size	: 64
cache_alignment	: 64
address sizes	: 36 bits physical, 48 bits virtual
power management:

processor	: 1
vendor_id	: GenuineIntel
cpu family	: 6
model		: 37
model name	: Intel(R) Core(TM) i3 CPU       M 380  @ 2.53GHz
stepping	: 5
microcode	: 0x2
cpu MHz		: 933.000
cache size	: 3072 KB
physical id	: 0
siblings	: 4
core id		: 0
cpu cores	: 2
apicid		: 1
initial apicid	: 1
fdiv_bug	: no
hlt_bug		: no
f00f_bug	: no
coma_bug	: no
fpu		: yes
fpu_exception	: yes
cpuid level	: 11
wp		: yes
flags		: fpu vme de pse tsc msr pae mce cx8 apic sep mtrr pge mca cmov pat pse36 clflush dts acpi mmx fxsr sse sse2 ss ht tm pbe nx rdtscp lm constant_tsc arch_perfmon pebs bts xtopology nonstop_tsc aperfmperf pni dtes64 monitor ds_cpl vmx est tm2 ssse3 cx16 xtpr pdcm pcid sse4_1 sse4_2 popcnt lahf_lm arat dtherm tpr_shadow vnmi flexpriority ept vpid
bogomips	: 5054.62
clflush size	: 64
cache_alignment	: 64
address sizes	: 36 bits physical, 48 bits virtual
power management:

processor	: 2
vendor_id	: GenuineIntel
cpu family	: 6
model		: 37
model name	: Intel(R) Core(TM) i3 CPU       M 380  @ 2.53GHz
stepping	: 5
microcode	: 0x2
cpu MHz		: 933.000
cache size	: 3072 KB
physical id	: 0
siblings	: 4
core id		: 2
cpu cores	: 2
apicid		: 4
initial apicid	: 4
fdiv_bug	: no
hlt_bug		: no
f00f_bug	: no
coma_bug	: no
fpu		: yes
fpu_exception	: yes
cpuid level	: 11
wp		: yes
flags		: fpu vme de pse tsc msr pae mce cx8 apic sep mtrr pge mca cmov pat pse36 clflush dts acpi mmx fxsr sse sse2 ss ht tm pbe nx rdtscp lm constant_tsc arch_perfmon pebs bts xtopology nonstop_tsc aperfmperf pni dtes64 monitor ds_cpl vmx est tm2 ssse3 cx16 xtpr pdcm pcid sse4_1 sse4_2 popcnt lahf_lm arat dtherm tpr_shadow vnmi flexpriority ept vpid
bogomips	: 5054.62
clflush size	: 64
cache_alignment	: 64
address sizes	: 36 bits physical, 48 bits virtual
power management:

processor	: 3
vendor_id	: GenuineIntel
cpu family	: 6
model		: 37
model name	: Intel(R) Core(TM) i3 CPU       M 380  @ 2.53GHz
stepping	: 5
microcode	: 0x2
cpu MHz		: 1066.000
cache size	: 3072 KB
physical id	: 0
siblings	: 4
core id		: 2
cpu cores	: 2
apicid		: 5
initial apicid	: 5
fdiv_bug	: no
hlt_bug		: no
f00f_bug	: no
coma_bug	: no
fpu		: yes
fpu_exception	: yes
cpuid level	: 11
wp		: yes
flags		: fpu vme de pse tsc msr pae mce cx8 apic sep mtrr pge mca cmov pat pse36 clflush dts acpi mmx fxsr sse sse2 ss ht tm pbe nx rdtscp lm constant_tsc arch_perfmon pebs bts xtopology nonstop_tsc aperfmperf pni dtes64 monitor ds_cpl vmx est tm2 ssse3 cx16 xtpr pdcm pcid sse4_1 sse4_2 popcnt lahf_lm arat dtherm tpr_shadow vnmi flexpriority ept vpid
bogomips	: 5054.62
clflush size	: 64
cache_alignment	: 64
address sizes	: 36 bits physical, 48 bits virtual
power management:



Memory: 4k page, physical 3795616k(256608k free), swap 3856380k(3371104k free)

vm_info: OpenJDK Server VM (23.7-b01) for linux-x86 JRE (1.7.0_25-b30), built on Jul  3 2013 13:58:32 by "buildd" with gcc 4.7.3

time: Tue Jan 14 15:21:22 2014
elapsed time: 0 seconds

